Hmm...  Looks like a unified diff to me...
The text leading up to this was:
--------------------------
|diff -ipuwr --binary --strip-trailing-cr -x '*.bak' -x '*.orig' -x '*.rej' -x '*.new' -x '*~' -x debian -x '*.po' -x '*.pot' gzip-1.3.11-orig/Makefile.in gzip-1.3.11-src/Makefile.in
|--- gzip-1.3.11-orig/Makefile.in	2007-02-06 00:33:17.000000000 +0100
|+++ gzip-1.3.11-src/Makefile.in	2007-04-03 12:55:40.156250000 +0200
--------------------------
Patching file Makefile.in using Plan A...
Hunk #1 succeeded at 33.
Hunk #2 succeeded at 87 (offset 2 lines).
Hunk #3 succeeded at 183 with fuzz 1 (offset 20 lines).
Hunk #4 succeeded at 222 with fuzz 2 (offset 32 lines).
Hunk #5 succeeded at 295 (offset 32 lines).
Hunk #6 succeeded at 311 (offset 32 lines).
Hunk #7 succeeded at 442 (offset 32 lines).
Not setting time of file Makefile.in (time mismatch)
Hmm...  The next patch looks like a unified diff to me...
The text leading up to this was:
--------------------------
|diff -ipuwr --binary --strip-trailing-cr -x '*.bak' -x '*.orig' -x '*.rej' -x '*.new' -x '*~' -x debian -x '*.po' -x '*.pot' gzip-1.3.11-orig/deflate.c gzip-1.3.11-src/deflate.c
|--- gzip-1.3.11-orig/deflate.c	2006-12-08 00:53:00.000000000 +0100
|+++ gzip-1.3.11-src/deflate.c	2007-01-15 15:25:40.000000000 +0100
--------------------------
Patching file deflate.c using Plan A...
Hunk #1 succeeded at 135.
Hunk #2 succeeded at 224.
Hunk #3 succeeded at 324.
Hunk #4 succeeded at 564.
Hunk #5 succeeded at 593.
Hunk #6 succeeded at 643.
Hunk #7 succeeded at 673.
Hunk #8 succeeded at 702.
Hunk #9 succeeded at 783.
Hunk #10 succeeded at 796.
Not setting time of file deflate.c (time mismatch)
Hmm...  The next patch looks like a unified diff to me...
The text leading up to this was:
--------------------------
|diff -ipuwr --binary --strip-trailing-cr -x '*.bak' -x '*.orig' -x '*.rej' -x '*.new' -x '*~' -x debian -x '*.po' -x '*.pot' gzip-1.3.11-orig/doc/gzip.info gzip-1.3.11-src/doc/gzip.info
|--- gzip-1.3.11-orig/doc/gzip.info	2007-02-06 00:33:35.000000000 +0100
|+++ gzip-1.3.11-src/doc/gzip.info	2007-04-03 13:12:09.250000000 +0200
--------------------------
Patching file doc/gzip.info using Plan A...
Hunk #1 FAILED at 1.
Hunk #2 FAILED at 32.
Hunk #3 succeeded at 316.
Hunk #4 succeeded at 930.
Not setting time of file doc/gzip.info (time mismatch)
2 out of 4 hunks FAILED -- saving rejects to file doc/gzip.info.rej
Hmm...  The next patch looks like a unified diff to me...
The text leading up to this was:
--------------------------
|diff -ipuwr --binary --strip-trailing-cr -x '*.bak' -x '*.orig' -x '*.rej' -x '*.new' -x '*~' -x debian -x '*.po' -x '*.pot' gzip-1.3.11-orig/doc/gzip.texi gzip-1.3.11-src/doc/gzip.texi
|--- gzip-1.3.11-orig/doc/gzip.texi	2007-02-06 00:29:04.000000000 +0100
|+++ gzip-1.3.11-src/doc/gzip.texi	2007-04-03 13:10:27.218750000 +0200
--------------------------
Patching file doc/gzip.texi using Plan A...
Hunk #1 succeeded at 350.
Not setting time of file doc/gzip.texi (time mismatch)
Hmm...  The next patch looks like a unified diff to me...
The text leading up to this was:
--------------------------
|diff -ipuwr --binary --strip-trailing-cr -x '*.bak' -x '*.orig' -x '*.rej' -x '*.new' -x '*~' -x debian -x '*.po' -x '*.pot' gzip-1.3.11-orig/doc/stamp-vti gzip-1.3.11-src/doc/stamp-vti
|--- gzip-1.3.11-orig/doc/stamp-vti	2007-02-06 00:33:35.000000000 +0100
|+++ gzip-1.3.11-src/doc/stamp-vti	2007-04-03 13:12:08.640625000 +0200
--------------------------
Patching file doc/stamp-vti using Plan A...
Hunk #1 succeeded at 1 with fuzz 2.
Not setting time of file doc/stamp-vti (time mismatch)
Hmm...  The next patch looks like a unified diff to me...
The text leading up to this was:
--------------------------
|diff -ipuwr --binary --strip-trailing-cr -x '*.bak' -x '*.orig' -x '*.rej' -x '*.new' -x '*~' -x debian -x '*.po' -x '*.pot' gzip-1.3.11-orig/doc/version.texi gzip-1.3.11-src/doc/version.texi
|--- gzip-1.3.11-orig/doc/version.texi	2007-02-06 00:33:35.000000000 +0100
|+++ gzip-1.3.11-src/doc/version.texi	2007-04-03 13:12:08.578125000 +0200
--------------------------
Patching file doc/version.texi using Plan A...
Hunk #1 succeeded at 1 with fuzz 2.
Not setting time of file doc/version.texi (time mismatch)
Hmm...  The next patch looks like a unified diff to me...
The text leading up to this was:
--------------------------
|diff -ipuwr --binary --strip-trailing-cr -x '*.bak' -x '*.orig' -x '*.rej' -x '*.new' -x '*~' -x debian -x '*.po' -x '*.pot' gzip-1.3.11-orig/gzip.1 gzip-1.3.11-src/gzip.1
|--- gzip-1.3.11-orig/gzip.1	2006-12-08 19:45:37.000000000 +0100
|+++ gzip-1.3.11-src/gzip.1	2006-12-21 16:17:56.000000000 +0100
--------------------------
Patching file gzip.1 using Plan A...
Hunk #1 succeeded at 290.
Not setting time of file gzip.1 (time mismatch)
Hmm...  The next patch looks like a unified diff to me...
The text leading up to this was:
--------------------------
|diff -ipuwr --binary --strip-trailing-cr -x '*.bak' -x '*.orig' -x '*.rej' -x '*.new' -x '*~' -x debian -x '*.po' -x '*.pot' gzip-1.3.11-orig/gzip.c gzip-1.3.11-src/gzip.c
|--- gzip-1.3.11-orig/gzip.c	2007-02-05 21:54:26.000000000 +0100
|+++ gzip-1.3.11-src/gzip.c	2007-04-03 13:10:27.093750000 +0200
--------------------------
Patching file gzip.c using Plan A...
Hunk #1 succeeded at 170 (offset -7 lines).
Hunk #2 succeeded at 231 (offset -7 lines).
Hunk #3 succeeded at 261 (offset -7 lines).
Hunk #4 succeeded at 343 (offset -7 lines).
Hunk #5 succeeded at 472 (offset -7 lines).
Hunk #6 succeeded at 542 (offset -7 lines).
Not setting time of file gzip.c (time mismatch)
Hmm...  The next patch looks like a unified diff to me...
The text leading up to this was:
--------------------------
|diff -ipuwr --binary --strip-trailing-cr -x '*.bak' -x '*.orig' -x '*.rej' -x '*.new' -x '*~' -x debian -x '*.po' -x '*.pot' gzip-1.3.11-orig/gzip.h gzip-1.3.11-src/gzip.h
|--- gzip-1.3.11-orig/gzip.h	2006-12-11 19:54:39.000000000 +0100
|+++ gzip-1.3.11-src/gzip.h	2007-04-03 13:10:27.218750000 +0200
--------------------------
Patching file gzip.h using Plan A...
Hunk #1 FAILED at 44.
Hunk #2 succeeded at 162 (offset 3 lines).
Hunk #3 succeeded at 231 (offset 3 lines).
Hunk #4 succeeded at 313 (offset 3 lines).
Not setting time of file gzip.h (time mismatch)
1 out of 4 hunks FAILED -- saving rejects to file gzip.h.rej
Hmm...  The next patch looks like a unified diff to me...
The text leading up to this was:
--------------------------
|diff -ipuwr --binary --strip-trailing-cr -x '*.bak' -x '*.orig' -x '*.rej' -x '*.new' -x '*~' -x debian -x '*.po' -x '*.pot' gzip-1.3.11-orig/lib/stat_.h gzip-1.3.11-src/lib/stat_.h
|--- gzip-1.3.11-orig/lib/stat_.h	2006-10-27 22:46:43.000000000 +0200
|+++ gzip-1.3.11-src/lib/stat_.h	2007-04-03 11:49:08.000000000 +0200
--------------------------
Patching file lib/stat_.h using Plan A...
Hunk #1 FAILED at 272.
Not setting time of file lib/stat_.h (time mismatch)
1 out of 1 hunk FAILED -- saving rejects to file lib/stat_.h.rej
Hmm...  The next patch looks like a unified diff to me...
The text leading up to this was:
--------------------------
|diff -ipuwr --binary --strip-trailing-cr -x '*.bak' -x '*.orig' -x '*.rej' -x '*.new' -x '*~' -x debian -x '*.po' -x '*.pot' gzip-1.3.11-orig/trees.c gzip-1.3.11-src/trees.c
|--- gzip-1.3.11-orig/trees.c	2006-11-20 09:40:33.000000000 +0100
|+++ gzip-1.3.11-src/trees.c	2007-01-15 14:58:42.000000000 +0100
--------------------------
Patching file trees.c using Plan A...
Hunk #1 succeeded at 860.
Hunk #2 succeeded at 956.
Not setting time of file trees.c (time mismatch)
Hmm...  The next patch looks like a unified diff to me...
The text leading up to this was:
--------------------------
|diff -ipuwr --binary --strip-trailing-cr -x '*.bak' -x '*.orig' -x '*.rej' -x '*.new' -x '*~' -x debian -x '*.po' -x '*.pot' gzip-1.3.11-orig/unlzh.c gzip-1.3.11-src/unlzh.c
|--- gzip-1.3.11-orig/unlzh.c	2006-11-20 09:40:34.000000000 +0100
|+++ gzip-1.3.11-src/unlzh.c	2007-04-03 13:10:26.171875000 +0200
--------------------------
Patching file unlzh.c using Plan A...
Hunk #1 succeeded at 145.
Hunk #2 succeeded at 169.
Hunk #3 succeeded at 197.
Hunk #4 succeeded at 220.
Hunk #5 succeeded at 232.
Hunk #6 succeeded at 252.
Hunk #7 succeeded at 260.
Hunk #8 succeeded at 296.
Hunk #9 succeeded at 313.
Hunk #10 succeeded at 360.
Hunk #11 succeeded at 370.
Not setting time of file unlzh.c (time mismatch)
Hmm...  The next patch looks like a unified diff to me...
The text leading up to this was:
--------------------------
|diff -ipuwr --binary --strip-trailing-cr -x '*.bak' -x '*.orig' -x '*.rej' -x '*.new' -x '*~' -x debian -x '*.po' -x '*.pot' gzip-1.3.11-orig/unpack.c gzip-1.3.11-src/unpack.c
|--- gzip-1.3.11-orig/unpack.c	2006-11-20 09:40:34.000000000 +0100
|+++ gzip-1.3.11-src/unpack.c	2007-04-03 13:10:26.203125000 +0200
--------------------------
Patching file unpack.c using Plan A...
Hunk #1 succeeded at 26.
Hunk #2 succeeded at 147.
Hunk #3 succeeded at 183.
Not setting time of file unpack.c (time mismatch)
Hmm...  The next patch looks like a unified diff to me...
The text leading up to this was:
--------------------------
|diff -ipuwr --binary --strip-trailing-cr -x '*.bak' -x '*.orig' -x '*.rej' -x '*.new' -x '*~' -x debian -x '*.po' -x '*.pot' gzip-1.3.11-orig/zforce.in gzip-1.3.11-src/zforce.in
|--- gzip-1.3.11-orig/zforce.in	2007-02-05 21:54:26.000000000 +0100
|+++ gzip-1.3.11-src/zforce.in	2007-04-03 13:10:27.671875000 +0200
--------------------------
Patching file zforce.in using Plan A...
Hunk #1 succeeded at 40.
Hunk #2 succeeded at 58.
Not setting time of file zforce.in (time mismatch)
Hmm...  The next patch looks like a unified diff to me...
The text leading up to this was:
--------------------------
|diff -ipuwr --binary --strip-trailing-cr -x '*.bak' -x '*.orig' -x '*.rej' -x '*.new' -x '*~' -x debian -x '*.po' -x '*.pot' gzip-1.3.11-orig/zgrep.in gzip-1.3.11-src/zgrep.in
|--- gzip-1.3.11-orig/zgrep.in	2007-02-05 21:54:26.000000000 +0100
|+++ gzip-1.3.11-src/zgrep.in	2007-04-03 13:09:15.406250000 +0200
--------------------------
Patching file zgrep.in using Plan A...
Hunk #1 succeeded at 140.
Hunk #2 succeeded at 184.
Not setting time of file zgrep.in (time mismatch)
Hmm...  The next patch looks like a unified diff to me...
The text leading up to this was:
--------------------------
|diff -ipuwr --binary --strip-trailing-cr -x '*.bak' -x '*.orig' -x '*.rej' -x '*.new' -x '*~' -x debian -x '*.po' -x '*.pot' gzip-1.3.11-orig/zless.1 gzip-1.3.11-src/zless.1
|--- gzip-1.3.11-orig/zless.1	2007-02-05 21:54:26.000000000 +0100
|+++ gzip-1.3.11-src/zless.1	2006-12-21 16:17:56.000000000 +0100
--------------------------
Patching file zless.1 using Plan A...
Hunk #1 succeeded at 8.
Not setting time of file zless.1 (time mismatch)
Hmm...  The next patch looks like a unified diff to me...
The text leading up to this was:
--------------------------
|diff -ipuwr --binary --strip-trailing-cr -x '*.bak' -x '*.orig' -x '*.rej' -x '*.new' -x '*~' -x debian -x '*.po' -x '*.pot' gzip-1.3.11-orig/zmore.in gzip-1.3.11-src/zmore.in
|--- gzip-1.3.11-orig/zmore.in	2007-02-05 21:54:26.000000000 +0100
|+++ gzip-1.3.11-src/zmore.in	2007-04-03 13:10:27.687500000 +0200
--------------------------
Patching file zmore.in using Plan A...
Hunk #1 succeeded at 53.
Hunk #2 succeeded at 66.
Hunk #3 succeeded at 84.
Not setting time of file zmore.in (time mismatch)
Hmm...  The next patch looks like a unified diff to me...
The text leading up to this was:
--------------------------
|diff -ipuwr --binary --strip-trailing-cr -x '*.bak' -x '*.orig' -x '*.rej' -x '*.new' -x '*~' -x debian -x '*.po' -x '*.pot' gzip-1.3.11-orig/znew.in gzip-1.3.11-src/znew.in
|--- gzip-1.3.11-orig/znew.in	2007-02-05 21:54:26.000000000 +0100
|+++ gzip-1.3.11-src/znew.in	2007-04-03 13:10:27.656250000 +0200
--------------------------
Patching file znew.in using Plan A...
Hunk #1 FAILED at 55.
Hunk #2 succeeded at 92.
Not setting time of file znew.in (time mismatch)
1 out of 2 hunks FAILED -- saving rejects to file znew.in.rej
done
