Hmm...  Looks like a unified diff to me...
The text leading up to this was:
--------------------------
|--- gzip-1.3.9/znew.in.stderr	2007-01-15 14:23:54.000000000 +0100
|+++ gzip-1.3.9/znew.in	2007-01-15 14:25:37.000000000 +0100
--------------------------
Patching file znew.in using Plan A...
Reversed (or previously applied) patch detected!  Skipping patch.
Hunk #1 ignored at 93.
1 out of 1 hunk ignored -- saving rejects to file znew.in.rej
Hmm...  The next patch looks like a unified diff to me...
The text leading up to this was:
--------------------------
|--- gzip-1.3.9/zforce.in.stderr	2007-01-15 14:23:54.000000000 +0100
|+++ gzip-1.3.9/zforce.in	2007-01-15 14:23:54.000000000 +0100
--------------------------
Patching file zforce.in using Plan A...
Reversed (or previously applied) patch detected!  Skipping patch.
Hunk #1 ignored at 40.
1 out of 1 hunk ignored -- saving rejects to file zforce.in.rej
Hmm...  The next patch looks like a unified diff to me...
The text leading up to this was:
--------------------------
|--- gzip-1.3.9/zmore.in.stderr	2006-12-09 05:25:56.000000000 +0100
|+++ gzip-1.3.9/zmore.in	2007-01-15 14:23:54.000000000 +0100
--------------------------
Patching file zmore.in using Plan A...
Reversed (or previously applied) patch detected!  Skipping patch.
Hunk #1 ignored at 53.
1 out of 1 hunk ignored -- saving rejects to file zmore.in.rej
done
